<?xml version="1.0" encoding="UTF-8"?>
<Site BuildName="(empty)"
	BuildStamp="20230904-0837-Experimental"
	Name="(empty)"
	Generator="ctest-3.10.2"
	CompilerName=""
	CompilerVersion=""
	OSName="Linux"
	Hostname="drm-35"
	OSRelease="5.4.0-150-generic"
	OSVersion="#167~18.04.1-Ubuntu SMP Wed May 24 00:51:42 UTC 2023"
	OSPlatform="x86_64"
	Is64Bits="1"
	VendorString="GenuineIntel"
	VendorID="Intel Corporation"
	FamilyID="6"
	ModelID="85"
	ProcessorCacheSize="14080"
	NumberOfLogicalCPU="40"
	NumberOfPhysicalCPU="20"
	TotalVirtualMemory="975"
	TotalPhysicalMemory="128568"
	LogicalProcessorsPerPhysical="2"
	ProcessorClockFrequency="3114"
	>
	<Testing>
		<StartDateTime>Sep 04 16:37 CST</StartDateTime>
		<StartTestTime>1693816670</StartTestTime>
		<TestList/>
		<EndDateTime>Sep 04 16:37 CST</EndDateTime>
		<EndTestTime>1693816670</EndTestTime>
		<ElapsedMinutes>0</ElapsedMinutes>
	</Testing>
</Site>
